# JRE version: Java(TM) SE Runtime Environment (8.0_65-b17) (build 1.8.0_65-b17)
# Java VM: Java HotSpot(TM) 64-Bit Server VM (25.65-b01 mixed mode bsd-amd64 compressed oops)
Heap:
 PSYoungGen      total 219136K, used 170968K [0x00000007aab00000, 0x00000007ba100000, 0x00000007c0000000)
  eden space 194048K, 76% used [0x00000007aab00000,0x00000007b3c35948,0x00000007b6880000)
  from space 25088K, 88% used [0x00000007b8380000,0x00000007b9940828,0x00000007b9c00000)
  to   space 27648K, 0% used [0x00000007b6880000,0x00000007b6880000,0x00000007b8380000)
 ParOldGen       total 131072K, used 33472K [0x0000000780000000, 0x0000000788000000, 0x00000007aab00000)
  object space 131072K, 25% used [0x0000000780000000,0x00000007820b0358,0x0000000788000000)
 Metaspace       used 6795K, capacity 7544K, committed 7680K, reserved 1056768K
  class space    used 637K, capacity 688K, committed 768K, reserved 1048576K
GC Heap History (10 events):
Event: 6.959 GC heap before
{Heap before GC invocations=2 (full 0):
 PSYoungGen      total 57344K, used 57033K [0x00000007aab00000, 0x00000007aeb00000, 0x00000007c0000000)
  eden space 49152K, 100% used [0x00000007aab00000,0x00000007adb00000,0x00000007adb00000)
  from space 8192K, 96% used [0x00000007adb00000,0x00000007ae2b2420,0x00000007ae300000)
  to   space 8192K, 0% used [0x00000007ae300000,0x00000007ae300000,0x00000007aeb00000)
 ParOldGen       total 131072K, used 8K [0x0000000780000000, 0x0000000788000000, 0x00000007aab00000)
  object space 131072K, 0% used [0x0000000780000000,0x0000000780002000,0x0000000788000000)
 Metaspace       used 5911K, capacity 6896K, committed 7040K, reserved 1056768K
  class space    used 598K, capacity 616K, committed 640K, reserved 1048576K
Event: 6.990 GC heap after
Heap after GC invocations=2 (full 0):
 PSYoungGen      total 57344K, used 8191K [0x00000007aab00000, 0x00000007aeb00000, 0x00000007c0000000)
  eden space 49152K, 0% used [0x00000007aab00000,0x00000007aab00000,0x00000007adb00000)
  from space 8192K, 99% used [0x00000007ae300000,0x00000007aeafffa8,0x00000007aeb00000)
  to   space 8192K, 0% used [0x00000007adb00000,0x00000007adb00000,0x00000007ae300000)
 ParOldGen       total 131072K, used 4914K [0x0000000780000000, 0x0000000788000000, 0x00000007aab00000)
  object space 131072K, 3% used [0x0000000780000000,0x00000007804ccbc8,0x0000000788000000)
 Metaspace       used 5911K, capacity 6896K, committed 7040K, reserved 1056768K
  class space    used 598K, capacity 616K, committed 640K, reserved 1048576K
}
Event: 8.614 GC heap before
{Heap before GC invocations=3 (full 0):
 PSYoungGen      total 57344K, used 57343K [0x00000007aab00000, 0x00000007aeb00000, 0x00000007c0000000)
  eden space 49152K, 100% used [0x00000007aab00000,0x00000007adb00000,0x00000007adb00000)
  from space 8192K, 99% used [0x00000007ae300000,0x00000007aeafffa8,0x00000007aeb00000)
  to   space 8192K, 0% used [0x00000007adb00000,0x00000007adb00000,0x00000007ae300000)
 ParOldGen       total 131072K, used 4914K [0x0000000780000000, 0x0000000788000000, 0x00000007aab00000)
  object space 131072K, 3% used [0x0000000780000000,0x00000007804ccbc8,0x0000000788000000)
 Metaspace       used 5922K, capacity 6896K, committed 7040K, reserved 1056768K
  class space    used 598K, capacity 616K, committed 640K, reserved 1048576K
Event: 8.647 GC heap after
Heap after GC invocations=3 (full 0):
 PSYoungGen      total 57344K, used 8191K [0x00000007aab00000, 0x00000007b1b00000, 0x00000007c0000000)
  eden space 49152K, 0% used [0x00000007aab00000,0x00000007aab00000,0x00000007adb00000)
  from space 8192K, 99% used [0x00000007adb00000,0x00000007ae2fffa8,0x00000007ae300000)
  to   space 8192K, 0% used [0x00000007b1300000,0x00000007b1300000,0x00000007b1b00000)
 ParOldGen       total 131072K, used 11249K [0x0000000780000000, 0x0000000788000000, 0x00000007aab00000)
  object space 131072K, 8% used [0x0000000780000000,0x0000000780afc690,0x0000000788000000)
 Metaspace       used 5922K, capacity 6896K, committed 7040K, reserved 1056768K
  class space    used 598K, capacity 616K, committed 640K, reserved 1048576K
}
Event: 10.141 GC heap before
{Heap before GC invocations=4 (full 0):
 PSYoungGen      total 57344K, used 57343K [0x00000007aab00000, 0x00000007b1b00000, 0x00000007c0000000)
  eden space 49152K, 100% used [0x00000007aab00000,0x00000007adb00000,0x00000007adb00000)
  from space 8192K, 99% used [0x00000007adb00000,0x00000007ae2fffa8,0x00000007ae300000)
  to   space 8192K, 0% used [0x00000007b1300000,0x00000007b1300000,0x00000007b1b00000)
 ParOldGen       total 131072K, used 11249K [0x0000000780000000, 0x0000000788000000, 0x00000007aab00000)
  object space 131072K, 8% used [0x0000000780000000,0x0000000780afc690,0x0000000788000000)
 Metaspace       used 5981K, capacity 6896K, committed 7040K, reserved 1056768K
  class space    used 598K, capacity 616K, committed 640K, reserved 1048576K
Event: 10.181 GC heap after
Heap after GC invocations=4 (full 0):
 PSYoungGen      total 106496K, used 8188K [0x00000007aab00000, 0x00000007b1b00000, 0x00000007c0000000)
  eden space 98304K, 0% used [0x00000007aab00000,0x00000007aab00000,0x00000007b0b00000)
  from space 8192K, 99% used [0x00000007b1300000,0x00000007b1aff000,0x00000007b1b00000)
  to   space 8192K, 0% used [0x00000007b0b00000,0x00000007b0b00000,0x00000007b1300000)
 ParOldGen       total 131072K, used 18190K [0x0000000780000000, 0x0000000788000000, 0x00000007aab00000)
  object space 131072K, 13% used [0x0000000780000000,0x00000007811c3888,0x0000000788000000)
 Metaspace       used 5981K, capacity 6896K, committed 7040K, reserved 1056768K
  class space    used 598K, capacity 616K, committed 640K, reserved 1048576K
}
Event: 12.699 GC heap before
{Heap before GC invocations=5 (full 0):
 PSYoungGen      total 106496K, used 106492K [0x00000007aab00000, 0x00000007b1b00000, 0x00000007c0000000)
  eden space 98304K, 100% used [0x00000007aab00000,0x00000007b0b00000,0x00000007b0b00000)
  from space 8192K, 99% used [0x00000007b1300000,0x00000007b1aff000,0x00000007b1b00000)
  to   space 8192K, 0% used [0x00000007b0b00000,0x00000007b0b00000,0x00000007b1300000)
 ParOldGen       total 131072K, used 18190K [0x0000000780000000, 0x0000000788000000, 0x00000007aab00000)
  object space 131072K, 13% used [0x0000000780000000,0x00000007811c3888,0x0000000788000000)
 Metaspace       used 6110K, capacity 7024K, committed 7296K, reserved 1056768K
  class space    used 598K, capacity 616K, committed 640K, reserved 1048576K
Event: 12.851 GC heap after
Heap after GC invocations=5 (full 0):
 PSYoungGen      total 106496K, used 8174K [0x00000007aab00000, 0x00000007b9c00000, 0x00000007c0000000)
  eden space 98304K, 0% used [0x00000007aab00000,0x00000007aab00000,0x00000007b0b00000)
  from space 8192K, 99% used [0x00000007b0b00000,0x00000007b12fb858,0x00000007b1300000)
  to   space 25088K, 0% used [0x00000007b8380000,0x00000007b8380000,0x00000007b9c00000)
 ParOldGen       total 131072K, used 33472K [0x0000000780000000, 0x0000000788000000, 0x00000007aab00000)
  object space 131072K, 25% used [0x0000000780000000,0x00000007820b0358,0x0000000788000000)
 Metaspace       used 6110K, capacity 7024K, committed 7296K, reserved 1056768K
  class space    used 598K, capacity 616K, committed 640K, reserved 1048576K
}
Event: 15.097 GC heap before
{Heap before GC invocations=6 (full 0):
 PSYoungGen      total 106496K, used 106478K [0x00000007aab00000, 0x00000007b9c00000, 0x00000007c0000000)
  eden space 98304K, 100% used [0x00000007aab00000,0x00000007b0b00000,0x00000007b0b00000)
  from space 8192K, 99% used [0x00000007b0b00000,0x00000007b12fb858,0x00000007b1300000)
  to   space 25088K, 0% used [0x00000007b8380000,0x00000007b8380000,0x00000007b9c00000)
 ParOldGen       total 131072K, used 33472K [0x0000000780000000, 0x0000000788000000, 0x00000007aab00000)
  object space 131072K, 25% used [0x0000000780000000,0x00000007820b0358,0x0000000788000000)
 Metaspace       used 6366K, capacity 7192K, committed 7424K, reserved 1056768K
  class space    used 618K, capacity 656K, committed 768K, reserved 1048576K
Event: 15.423 GC heap after
Heap after GC invocations=6 (full 0):
 PSYoungGen      total 219136K, used 22274K [0x00000007aab00000, 0x00000007ba100000, 0x00000007c0000000)
  eden space 194048K, 0% used [0x00000007aab00000,0x00000007aab00000,0x00000007b6880000)
  from space 25088K, 88% used [0x00000007b8380000,0x00000007b9940828,0x00000007b9c00000)
  to   space 27648K, 0% used [0x00000007b6880000,0x00000007b6880000,0x00000007b8380000)
 ParOldGen       total 131072K, used 33472K [0x0000000780000000, 0x0000000788000000, 0x00000007aab00000)
  object space 131072K, 25% used [0x0000000780000000,0x00000007820b0358,0x0000000788000000)
 Metaspace       used 6366K, capacity 7192K, committed 7424K, reserved 1056768K
  class space    used 618K, capacity 656K, committed 768K, reserved 1048576K
}

